<?xml version="1.0" encoding="UTF-8"?>
<!-- Generated by org.testng.reporters.JUnitReportReporter -->
<testsuite skipped="0" hostname="DESKTOP-QT2S8L5" name="RATests.Demo_1_GET" tests="1" failures="0" timestamp="29 Dec 2021 14:09:54 GMT" time="6.835" errors="0">
  <testcase name="getActivitiesList" time="6.835" classname="RATests.Demo_1_GET"/>
</testsuite> <!-- RATests.Demo_1_GET -->
