<?xml version="1.0" encoding="UTF-8"?>
<!-- Generated by org.testng.reporters.JUnitReportReporter -->
<testsuite skipped="0" hostname="DESKTOP-QT2S8L5" name="RestfullBooker.POST_Refactored" tests="1" failures="0" timestamp="2022-01-02T12:30:08 IST" time="4.459" errors="0">
  <testcase name="postMethod" time="4.459" classname="RestfullBooker.POST_Refactored"/>
  <system-out/>
</testsuite> <!-- RestfullBooker.POST_Refactored -->
